{
  "stats": {
    "suites": 1,
    "tests": 1,
    "passes": 1,
    "pending": 0,
    "failures": 0,
    "start": "2021-07-15T11:39:17.718Z",
    "end": "2021-07-15T11:39:26.309Z",
    "duration": 8591,
    "testsRegistered": 1,
    "passPercent": 100,
    "pendingPercent": 0,
    "other": 0,
    "hasOther": false,
    "skipped": 0,
    "hasSkipped": false
  },
  "results": [
    {
      "uuid": "56f17270-bedb-4f34-97d9-fe998be1be45",
      "title": "",
      "fullFile": "cypress/integration/Moxie-test/Test.Spec/TC_registration.spec.js",
      "file": "cypress/integration/Moxie-test/Test.Spec/TC_registration.spec.js",
      "beforeHooks": [],
      "afterHooks": [],
      "tests": [],
      "suites": [
        {
          "uuid": "6836f208-089d-480c-ac52-abc73fc712f7",
          "title": "Registration_First_Step",
          "fullFile": "",
          "file": "",
          "beforeHooks": [],
          "afterHooks": [],
          "tests": [
            {
              "title": "Agent_information",
              "fullTitle": "Registration_First_Step Agent_information",
              "timedOut": null,
              "duration": 8527,
              "state": "passed",
              "speed": "slow",
              "pass": true,
              "fail": false,
              "pending": false,
              "context": null,
              "code": "cy.visit('https://heubertapp.com/');\nvariable.email().type(\"bikesh@heubert.com\");\nvariable.firstName().type(\"Bikesh\");\nvariable.lastName().type(\"Shrestha\");\ncy.get('input[id=\"country\"]').type('Nepal').should('contain.value', 'Nepal');\ncy.get('input[id=\"city_or_state\"]').type('Kathmandu');\nvariable.nextBtn().should('be.visible').click();",
              "err": {},
              "uuid": "18e1d14a-3074-4310-ada3-213dbc149f37",
              "parentUUID": "6836f208-089d-480c-ac52-abc73fc712f7",
              "isHook": false,
              "skipped": false
            }
          ],
          "suites": [],
          "passes": [
            "18e1d14a-3074-4310-ada3-213dbc149f37"
          ],
          "failures": [],
          "pending": [],
          "skipped": [],
          "duration": 8527,
          "root": false,
          "rootEmpty": false,
          "_timeout": 2000
        }
      ],
      "passes": [],
      "failures": [],
      "pending": [],
      "skipped": [],
      "duration": 0,
      "root": true,
      "rootEmpty": true,
      "_timeout": 2000
    }
  ],
  "meta": {
    "mocha": {
      "version": "7.0.1"
    },
    "mochawesome": {
      "options": {
        "quiet": false,
        "reportFilename": "mochawesome",
        "saveHtml": false,
        "saveJson": true,
        "consoleReporter": "spec",
        "useInlineDiffs": false,
        "code": true
      },
      "version": "6.2.2"
    },
    "marge": {
      "options": {
        "id": "default",
        "reportDir": "cypress/reports/mocha",
        "quite": true,
        "overwrite": false,
        "html": false,
        "json": true
      },
      "version": "5.2.0"
    }
  }
}