{
  "stats": {
    "suites": 1,
    "tests": 6,
    "passes": 6,
    "pending": 0,
    "failures": 0,
    "start": "2021-07-15T15:57:27.437Z",
    "end": "2021-07-15T15:57:47.391Z",
    "duration": 19954,
    "testsRegistered": 6,
    "passPercent": 100,
    "pendingPercent": 0,
    "other": 0,
    "hasOther": false,
    "skipped": 0,
    "hasSkipped": false
  },
  "results": [
    {
      "uuid": "5ae63da7-2e1f-4b66-bade-f2435447b677",
      "title": "",
      "fullFile": "cypress/integration/Moxie-test/Test.Spec/TC06_CheckDataExist.spec.js",
      "file": "cypress/integration/Moxie-test/Test.Spec/TC06_CheckDataExist.spec.js",
      "beforeHooks": [],
      "afterHooks": [],
      "tests": [],
      "suites": [
        {
          "uuid": "e823ecac-4025-4001-83a5-dcf8ea67a50f",
          "title": "Checking if the data are available after navigating back to previous pages",
          "fullFile": "",
          "file": "",
          "beforeHooks": [],
          "afterHooks": [],
          "tests": [
            {
              "title": "Institution Details",
              "fullTitle": "Checking if the data are available after navigating back to previous pages Institution Details",
              "timedOut": null,
              "duration": 11205,
              "state": "passed",
              "speed": "slow",
              "pass": true,
              "fail": false,
              "pending": false,
              "context": null,
              "code": "cy.InstitutionDetails();\ncy.CommonButton();",
              "err": {},
              "uuid": "61cab052-7c5f-4f71-a64d-2f44c832dc50",
              "parentUUID": "e823ecac-4025-4001-83a5-dcf8ea67a50f",
              "isHook": false,
              "skipped": false
            },
            {
              "title": "Pricing Plan Details",
              "fullTitle": "Checking if the data are available after navigating back to previous pages Pricing Plan Details",
              "timedOut": null,
              "duration": 651,
              "state": "passed",
              "speed": "slow",
              "pass": true,
              "fail": false,
              "pending": false,
              "context": null,
              "code": "cy.PricingPlanDetails();\ncy.CommonButton();",
              "err": {},
              "uuid": "92a77583-95f0-4f1c-af74-2f3c891c2262",
              "parentUUID": "e823ecac-4025-4001-83a5-dcf8ea67a50f",
              "isHook": false,
              "skipped": false
            },
            {
              "title": "Work Order Scope",
              "fullTitle": "Checking if the data are available after navigating back to previous pages Work Order Scope",
              "timedOut": null,
              "duration": 2846,
              "state": "passed",
              "speed": "slow",
              "pass": true,
              "fail": false,
              "pending": false,
              "context": null,
              "code": "cy.WorkOrderScope();\ncy.BackButton();",
              "err": {},
              "uuid": "68b691f8-1069-4d79-b781-83e6110c1999",
              "parentUUID": "e823ecac-4025-4001-83a5-dcf8ea67a50f",
              "isHook": false,
              "skipped": false
            },
            {
              "title": "Checks Data for Pricing Plan",
              "fullTitle": "Checking if the data are available after navigating back to previous pages Checks Data for Pricing Plan",
              "timedOut": null,
              "duration": 2425,
              "state": "passed",
              "speed": "slow",
              "pass": true,
              "fail": false,
              "pending": false,
              "context": null,
              "code": "cy.title().should('eq', 'Luzon');\ncy.PricingPlanDetails();\ncy.wait(2000);\ncy.BackButton();",
              "err": {},
              "uuid": "9710352f-6eba-4147-b4a6-70c6a666c632",
              "parentUUID": "e823ecac-4025-4001-83a5-dcf8ea67a50f",
              "isHook": false,
              "skipped": false
            },
            {
              "title": "Checks Data for Instituion Page",
              "fullTitle": "Checking if the data are available after navigating back to previous pages Checks Data for Instituion Page",
              "timedOut": null,
              "duration": 2457,
              "state": "passed",
              "speed": "slow",
              "pass": true,
              "fail": false,
              "pending": false,
              "context": null,
              "code": "cy.title().should('eq', 'Luzon');\ncy.get('[data-testid=\"institution-details-form\"]').children().as('institution');\ncy.get('@institution').contains('Institution');\ncy.get('input').first().invoke('val').should('not.be.empty');\ncy.get('input').eq(1).invoke('val').should('not.be.empty');\ncy.get('input').last().invoke('val').should('not.be.empty');\ncy.wait(2000);\ncy.BackButton();",
              "err": {},
              "uuid": "87371b0d-fa60-40d7-b54e-6046a0035af9",
              "parentUUID": "e823ecac-4025-4001-83a5-dcf8ea67a50f",
              "isHook": false,
              "skipped": false
            },
            {
              "title": "Checks Data for Personal Details Page",
              "fullTitle": "Checking if the data are available after navigating back to previous pages Checks Data for Personal Details Page",
              "timedOut": null,
              "duration": 270,
              "state": "passed",
              "speed": "slow",
              "pass": true,
              "fail": false,
              "pending": false,
              "context": null,
              "code": "cy.title().should('eq', 'Luzon');\ncy.location('protocol').should('eq', 'https:');\ncy.get('[data-testid=\"personal-details-form\"]').children().as('personal');\ncy.get('@personal').contains('Country');\ncy.get('input').first().invoke('val').should('not.be.empty');\ncy.get('input').eq(1).invoke('val').should('not.be.empty');\ncy.get('input').eq(2).invoke('val').should('not.be.empty');\ncy.get('input').eq(4).invoke('val').should('not.be.empty');",
              "err": {},
              "uuid": "af00fa50-240d-47d7-ba4a-5f80e7f955b7",
              "parentUUID": "e823ecac-4025-4001-83a5-dcf8ea67a50f",
              "isHook": false,
              "skipped": false
            }
          ],
          "suites": [],
          "passes": [
            "61cab052-7c5f-4f71-a64d-2f44c832dc50",
            "92a77583-95f0-4f1c-af74-2f3c891c2262",
            "68b691f8-1069-4d79-b781-83e6110c1999",
            "9710352f-6eba-4147-b4a6-70c6a666c632",
            "87371b0d-fa60-40d7-b54e-6046a0035af9",
            "af00fa50-240d-47d7-ba4a-5f80e7f955b7"
          ],
          "failures": [],
          "pending": [],
          "skipped": [],
          "duration": 19854,
          "root": false,
          "rootEmpty": false,
          "_timeout": 2000
        }
      ],
      "passes": [],
      "failures": [],
      "pending": [],
      "skipped": [],
      "duration": 0,
      "root": true,
      "rootEmpty": true,
      "_timeout": 2000
    }
  ],
  "meta": {
    "mocha": {
      "version": "7.0.1"
    },
    "mochawesome": {
      "options": {
        "quiet": false,
        "reportFilename": "mochawesome",
        "saveHtml": false,
        "saveJson": true,
        "consoleReporter": "spec",
        "useInlineDiffs": false,
        "code": true
      },
      "version": "6.2.2"
    },
    "marge": {
      "options": {
        "id": "default",
        "reportDir": "cypress/reports/mocha",
        "quite": true,
        "overwrite": false,
        "html": false,
        "json": true
      },
      "version": "5.2.0"
    }
  }
}