{
  "stats": {
    "suites": 1,
    "tests": 2,
    "passes": 1,
    "pending": 2,
    "failures": -1,
    "start": "2021-07-15T11:39:50.390Z",
    "end": "2021-07-15T11:40:00.258Z",
    "duration": 9868,
    "testsRegistered": 3,
    "passPercent": 100,
    "pendingPercent": 66.66666666666666,
    "other": 1,
    "hasOther": true,
    "skipped": 1,
    "hasSkipped": true
  },
  "results": [
    {
      "uuid": "48a57cac-f59d-4408-8aab-dfa86739fbb2",
      "title": "",
      "fullFile": "cypress/integration/Moxie-test/Test.Spec/TC03_RegistrationCustomerCommand.spec.js",
      "file": "cypress/integration/Moxie-test/Test.Spec/TC03_RegistrationCustomerCommand.spec.js",
      "beforeHooks": [],
      "afterHooks": [],
      "tests": [],
      "suites": [
        {
          "uuid": "37b6337a-290f-4105-9c53-16ad9e4c527f",
          "title": "Registration e2e_testing",
          "fullFile": "",
          "file": "",
          "beforeHooks": [],
          "afterHooks": [],
          "tests": [
            {
              "title": "Institution Details",
              "fullTitle": "Registration e2e_testing Institution Details",
              "timedOut": null,
              "duration": 9813,
              "state": "passed",
              "speed": "slow",
              "pass": true,
              "fail": false,
              "pending": false,
              "context": null,
              "code": "cy.title().should('eq', 'Luzon');\ncy.contains('Institution Details');\ncy.get('input[placeholder=\"Your institution name\"]').type(\"Heubert Technologies\");\ncy.get('input[id=\"institution-details-form_company_domain\"]').type('HEUB');\ncy.get('input[ id=\"institution-details-form_position\"]').click();\ncy.contains('CEO').click();\ncy.get('input[ id=\"institution-details-form_phone\"]').type('9899909822');\ncy.get('[data-testid=submit-button]').click();",
              "err": {},
              "uuid": "e5ce8188-e7c1-4cb0-a369-22e2e5e166b5",
              "parentUUID": "37b6337a-290f-4105-9c53-16ad9e4c527f",
              "isHook": false,
              "skipped": false
            },
            {
              "title": "Pricing Plan Details",
              "fullTitle": "Registration e2e_testing Pricing Plan Details",
              "timedOut": null,
              "duration": 0,
              "state": "pending",
              "speed": null,
              "pass": false,
              "fail": false,
              "pending": true,
              "context": null,
              "code": "",
              "err": {},
              "uuid": "52799417-554f-4c75-a693-c525794069e7",
              "parentUUID": "37b6337a-290f-4105-9c53-16ad9e4c527f",
              "isHook": false,
              "skipped": false
            },
            {
              "title": "Work Order Scope",
              "fullTitle": "Registration e2e_testing Work Order Scope",
              "timedOut": null,
              "duration": 0,
              "state": "pending",
              "speed": null,
              "pass": false,
              "fail": false,
              "pending": true,
              "context": null,
              "code": "",
              "err": {},
              "uuid": "b09eb944-35e5-4010-a640-739197e0f61a",
              "parentUUID": "37b6337a-290f-4105-9c53-16ad9e4c527f",
              "isHook": false,
              "skipped": false
            }
          ],
          "suites": [],
          "passes": [
            "e5ce8188-e7c1-4cb0-a369-22e2e5e166b5"
          ],
          "failures": [],
          "pending": [
            "52799417-554f-4c75-a693-c525794069e7",
            "b09eb944-35e5-4010-a640-739197e0f61a"
          ],
          "skipped": [],
          "duration": 9813,
          "root": false,
          "rootEmpty": false,
          "_timeout": 2000
        }
      ],
      "passes": [],
      "failures": [],
      "pending": [],
      "skipped": [],
      "duration": 0,
      "root": true,
      "rootEmpty": true,
      "_timeout": 2000
    }
  ],
  "meta": {
    "mocha": {
      "version": "7.0.1"
    },
    "mochawesome": {
      "options": {
        "quiet": false,
        "reportFilename": "mochawesome",
        "saveHtml": false,
        "saveJson": true,
        "consoleReporter": "spec",
        "useInlineDiffs": false,
        "code": true
      },
      "version": "6.2.2"
    },
    "marge": {
      "options": {
        "id": "default",
        "reportDir": "cypress/reports/mocha",
        "quite": true,
        "overwrite": false,
        "html": false,
        "json": true
      },
      "version": "5.2.0"
    }
  }
}