{
  "stats": {
    "suites": 1,
    "tests": 4,
    "passes": 4,
    "pending": 0,
    "failures": 0,
    "start": "2021-07-15T11:39:31.864Z",
    "end": "2021-07-15T11:39:44.376Z",
    "duration": 12512,
    "testsRegistered": 4,
    "passPercent": 100,
    "pendingPercent": 0,
    "other": 0,
    "hasOther": false,
    "skipped": 0,
    "hasSkipped": false
  },
  "results": [
    {
      "uuid": "a17cd237-2e8a-4acb-ad80-92b7b924bc4e",
      "title": "",
      "fullFile": "cypress/integration/Moxie-test/Test.Spec/TC01_Registration.spec.js",
      "file": "cypress/integration/Moxie-test/Test.Spec/TC01_Registration.spec.js",
      "beforeHooks": [],
      "afterHooks": [],
      "tests": [],
      "suites": [
        {
          "uuid": "4fbb3114-3d40-4d1e-b0fb-a2be92c00447",
          "title": "Registration e2e_testing",
          "fullFile": "",
          "file": "",
          "beforeHooks": [],
          "afterHooks": [],
          "tests": [
            {
              "title": "Personal Details",
              "fullTitle": "Registration e2e_testing Personal Details",
              "timedOut": null,
              "duration": 7572,
              "state": "passed",
              "speed": "slow",
              "pass": true,
              "fail": false,
              "pending": false,
              "context": null,
              "code": "cy.visit(\"https://heubertapp.com/\");\ncy.title().should(\"eq\", \"Luzon\");\ncy.location(\"protocol\").should(\"eq\", \"https:\");\ncy.get('input[id=\"email\"]').type(\"bikesh@heubert.com\");\ncy.get('input[id=\"first_name\"]').type(\"Bikesh\");\ncy.get('input[id=\"last_name\"]').type(\"Shrestha\");\ncy.get('input[id=\"country\"]').click();\ncy.get('input[aria-controls=\"country_list\"]').type(\"Nepa{enter}\");\ncy.get('input[id=\"city_or_state\"]').type(\"Kathmandu\");\ncy.get(\"[data-testid=submit-button]\").click();",
              "err": {},
              "uuid": "fd19f16d-2a89-4d1c-9877-790074be73ea",
              "parentUUID": "4fbb3114-3d40-4d1e-b0fb-a2be92c00447",
              "isHook": false,
              "skipped": false
            },
            {
              "title": "Institution Details",
              "fullTitle": "Registration e2e_testing Institution Details",
              "timedOut": null,
              "duration": 2051,
              "state": "passed",
              "speed": "slow",
              "pass": true,
              "fail": false,
              "pending": false,
              "context": null,
              "code": "cy.title().should(\"eq\", \"Luzon\");\ncy.contains(\"Institution Details\");\ncy.get('input[placeholder=\"Your institution name\"]').type(\"Heubert Technologies\");\ncy.get('input[id=\"institution-details-form_company_domain\"]').type(\"HEUB\");\ncy.get('input[ id=\"institution-details-form_position\"]').click();\ncy.contains(\"CEO\").click();\ncy.get('input[ id=\"institution-details-form_phone\"]').type(\"9899909822\");\ncy.get(\"[data-testid=submit-button]\").click();",
              "err": {},
              "uuid": "66380484-31fd-4c20-869c-da156c5bef98",
              "parentUUID": "4fbb3114-3d40-4d1e-b0fb-a2be92c00447",
              "isHook": false,
              "skipped": false
            },
            {
              "title": "Pricing Plan Details",
              "fullTitle": "Registration e2e_testing Pricing Plan Details",
              "timedOut": null,
              "duration": 642,
              "state": "passed",
              "speed": "slow",
              "pass": true,
              "fail": false,
              "pending": false,
              "context": null,
              "code": "cy.title().should(\"eq\", \"Luzon\");\ncy.contains(\"Starter\").click();\ncy.get(\"[data-testid=submit-button]\").click();",
              "err": {},
              "uuid": "ee417c8d-607e-43a8-add9-58fed6f65d2f",
              "parentUUID": "4fbb3114-3d40-4d1e-b0fb-a2be92c00447",
              "isHook": false,
              "skipped": false
            },
            {
              "title": "Work Order Scope",
              "fullTitle": "Registration e2e_testing Work Order Scope",
              "timedOut": null,
              "duration": 2169,
              "state": "passed",
              "speed": "slow",
              "pass": true,
              "fail": false,
              "pending": false,
              "context": null,
              "code": "cy.get('input[ id=\"work-order-scope-form_feature\"]').click();\ncy.contains(\"Marketin\").click();\ncy.get('input[id=\"work-order-scope-form_number_of_employees\"]').type(\"4\");\ncy.get('input[id=\"work-order-scope-form_number_of_destination_countries\"]').type(\"4\");\ncy.get('input[id=\"work-order-scope-form_countries_operated\"]').click();\ncy.get('input[aria-controls=\"work-order-scope-form_countries_operated_list\"]').type(\"Nepa{enter}\");\ncy.get('input[id=\"work-order-scope-form_countries_operated\"]').click();\ncy.get('input[aria-controls=\"work-order-scope-form_countries_operated_list\"]').type(\"Aus{enter}\");\ncy.get(\"div.registration-layout div.ant-row.ant-row-space-around.ant-row-middle.full-height div.ant-col.ant-col-xs-23.ant-col-lg-15 div.registration-card div.ant-row > div.ant-col.ant-col-16.padding-top-4.padding-left-4.padding-right-4.padding-bottom-2:nth-child(2)\").click();\ncy.get('input[id=\"work-order-scope-form_number_of_estimates\"]').type(\"1000\");\ncy.get(\"[data-testid=submit-button]\").click();",
              "err": {},
              "uuid": "f1622cda-b86b-493b-b1b9-7ee7204f4e83",
              "parentUUID": "4fbb3114-3d40-4d1e-b0fb-a2be92c00447",
              "isHook": false,
              "skipped": false
            }
          ],
          "suites": [],
          "passes": [
            "fd19f16d-2a89-4d1c-9877-790074be73ea",
            "66380484-31fd-4c20-869c-da156c5bef98",
            "ee417c8d-607e-43a8-add9-58fed6f65d2f",
            "f1622cda-b86b-493b-b1b9-7ee7204f4e83"
          ],
          "failures": [],
          "pending": [],
          "skipped": [],
          "duration": 12434,
          "root": false,
          "rootEmpty": false,
          "_timeout": 2000
        }
      ],
      "passes": [],
      "failures": [],
      "pending": [],
      "skipped": [],
      "duration": 0,
      "root": true,
      "rootEmpty": true,
      "_timeout": 2000
    }
  ],
  "meta": {
    "mocha": {
      "version": "7.0.1"
    },
    "mochawesome": {
      "options": {
        "quiet": false,
        "reportFilename": "mochawesome",
        "saveHtml": false,
        "saveJson": true,
        "consoleReporter": "spec",
        "useInlineDiffs": false,
        "code": true
      },
      "version": "6.2.2"
    },
    "marge": {
      "options": {
        "id": "default",
        "reportDir": "cypress/reports/mocha",
        "quite": true,
        "overwrite": false,
        "html": false,
        "json": true
      },
      "version": "5.2.0"
    }
  }
}