{
  "stats": {
    "suites": 1,
    "tests": 2,
    "passes": 1,
    "pending": 2,
    "failures": -1,
    "start": "2021-07-15T15:56:13.582Z",
    "end": "2021-07-15T15:56:24.230Z",
    "duration": 10648,
    "testsRegistered": 3,
    "passPercent": 100,
    "pendingPercent": 66.66666666666666,
    "other": 1,
    "hasOther": true,
    "skipped": 1,
    "hasSkipped": true
  },
  "results": [
    {
      "uuid": "c7dd9a48-81c6-4370-a1e3-a6e4cd738949",
      "title": "",
      "fullFile": "cypress/integration/Moxie-test/Test.Spec/TC03_RegistrationCustomerCommand.spec.js",
      "file": "cypress/integration/Moxie-test/Test.Spec/TC03_RegistrationCustomerCommand.spec.js",
      "beforeHooks": [],
      "afterHooks": [],
      "tests": [],
      "suites": [
        {
          "uuid": "3a573401-b21c-447a-8650-040cb876b843",
          "title": "Registration e2e_testing",
          "fullFile": "",
          "file": "",
          "beforeHooks": [],
          "afterHooks": [],
          "tests": [
            {
              "title": "Institution Details",
              "fullTitle": "Registration e2e_testing Institution Details",
              "timedOut": null,
              "duration": 10584,
              "state": "passed",
              "speed": "slow",
              "pass": true,
              "fail": false,
              "pending": false,
              "context": null,
              "code": "cy.title().should('eq', 'Luzon');\ncy.contains('Institution Details');\ncy.get('input[placeholder=\"Your institution name\"]').type(\"Heubert Technologies\");\ncy.get('input[id=\"institution-details-form_company_domain\"]').type('HEUB');\ncy.get('input[ id=\"institution-details-form_position\"]').click();\ncy.contains('CEO').click();\ncy.get('input[ id=\"institution-details-form_phone\"]').type('9899909822');\ncy.get('[data-testid=submit-button]').click();",
              "err": {},
              "uuid": "9df1d4c3-073c-426d-9ba8-088dab85528e",
              "parentUUID": "3a573401-b21c-447a-8650-040cb876b843",
              "isHook": false,
              "skipped": false
            },
            {
              "title": "Pricing Plan Details",
              "fullTitle": "Registration e2e_testing Pricing Plan Details",
              "timedOut": null,
              "duration": 0,
              "state": "pending",
              "speed": null,
              "pass": false,
              "fail": false,
              "pending": true,
              "context": null,
              "code": "",
              "err": {},
              "uuid": "d8b34d25-218c-4609-b3d2-b320d36c0a3b",
              "parentUUID": "3a573401-b21c-447a-8650-040cb876b843",
              "isHook": false,
              "skipped": false
            },
            {
              "title": "Work Order Scope",
              "fullTitle": "Registration e2e_testing Work Order Scope",
              "timedOut": null,
              "duration": 0,
              "state": "pending",
              "speed": null,
              "pass": false,
              "fail": false,
              "pending": true,
              "context": null,
              "code": "",
              "err": {},
              "uuid": "73314ef6-9ff1-48af-bbc5-b26395cb25a9",
              "parentUUID": "3a573401-b21c-447a-8650-040cb876b843",
              "isHook": false,
              "skipped": false
            }
          ],
          "suites": [],
          "passes": [
            "9df1d4c3-073c-426d-9ba8-088dab85528e"
          ],
          "failures": [],
          "pending": [
            "d8b34d25-218c-4609-b3d2-b320d36c0a3b",
            "73314ef6-9ff1-48af-bbc5-b26395cb25a9"
          ],
          "skipped": [],
          "duration": 10584,
          "root": false,
          "rootEmpty": false,
          "_timeout": 2000
        }
      ],
      "passes": [],
      "failures": [],
      "pending": [],
      "skipped": [],
      "duration": 0,
      "root": true,
      "rootEmpty": true,
      "_timeout": 2000
    }
  ],
  "meta": {
    "mocha": {
      "version": "7.0.1"
    },
    "mochawesome": {
      "options": {
        "quiet": false,
        "reportFilename": "mochawesome",
        "saveHtml": false,
        "saveJson": true,
        "consoleReporter": "spec",
        "useInlineDiffs": false,
        "code": true
      },
      "version": "6.2.2"
    },
    "marge": {
      "options": {
        "id": "default",
        "reportDir": "cypress/reports/mocha",
        "quite": true,
        "overwrite": false,
        "html": false,
        "json": true
      },
      "version": "5.2.0"
    }
  }
}