{
  "stats": {
    "suites": 6,
    "tests": 19,
    "passes": 15,
    "pending": 2,
    "failures": 2,
    "start": "2021-07-15T11:39:13.403Z",
    "end": "2021-07-15T11:41:01.215Z",
    "duration": 69913,
    "testsRegistered": 19,
    "passPercent": 78.94736842105263,
    "pendingPercent": 10.526315789473685,
    "other": 0,
    "hasOther": false,
    "skipped": 0,
    "hasSkipped": false
  },
  "results": [
    {
      "uuid": "56f17270-bedb-4f34-97d9-fe998be1be45",
      "title": "",
      "fullFile": "cypress/integration/Moxie-test/Test.Spec/TC_registration.spec.js",
      "file": "cypress/integration/Moxie-test/Test.Spec/TC_registration.spec.js",
      "beforeHooks": [],
      "afterHooks": [],
      "tests": [],
      "suites": [
        {
          "uuid": "6836f208-089d-480c-ac52-abc73fc712f7",
          "title": "Registration_First_Step",
          "fullFile": "",
          "file": "",
          "beforeHooks": [],
          "afterHooks": [],
          "tests": [
            {
              "title": "Agent_information",
              "fullTitle": "Registration_First_Step Agent_information",
              "timedOut": null,
              "duration": 8527,
              "state": "passed",
              "speed": "slow",
              "pass": true,
              "fail": false,
              "pending": false,
              "context": null,
              "code": "cy.visit('https://heubertapp.com/');\nvariable.email().type(\"bikesh@heubert.com\");\nvariable.firstName().type(\"Bikesh\");\nvariable.lastName().type(\"Shrestha\");\ncy.get('input[id=\"country\"]').type('Nepal').should('contain.value', 'Nepal');\ncy.get('input[id=\"city_or_state\"]').type('Kathmandu');\nvariable.nextBtn().should('be.visible').click();",
              "err": {},
              "uuid": "18e1d14a-3074-4310-ada3-213dbc149f37",
              "parentUUID": "6836f208-089d-480c-ac52-abc73fc712f7",
              "isHook": false,
              "skipped": false
            }
          ],
          "suites": [],
          "passes": [
            "18e1d14a-3074-4310-ada3-213dbc149f37"
          ],
          "failures": [],
          "pending": [],
          "skipped": [],
          "duration": 8527,
          "root": false,
          "rootEmpty": false,
          "_timeout": 2000
        }
      ],
      "passes": [],
      "failures": [],
      "pending": [],
      "skipped": [],
      "duration": 0,
      "root": true,
      "rootEmpty": true,
      "_timeout": 2000
    },
    {
      "uuid": "a17cd237-2e8a-4acb-ad80-92b7b924bc4e",
      "title": "",
      "fullFile": "cypress/integration/Moxie-test/Test.Spec/TC01_Registration.spec.js",
      "file": "cypress/integration/Moxie-test/Test.Spec/TC01_Registration.spec.js",
      "beforeHooks": [],
      "afterHooks": [],
      "tests": [],
      "suites": [
        {
          "uuid": "4fbb3114-3d40-4d1e-b0fb-a2be92c00447",
          "title": "Registration e2e_testing",
          "fullFile": "",
          "file": "",
          "beforeHooks": [],
          "afterHooks": [],
          "tests": [
            {
              "title": "Personal Details",
              "fullTitle": "Registration e2e_testing Personal Details",
              "timedOut": null,
              "duration": 7572,
              "state": "passed",
              "speed": "slow",
              "pass": true,
              "fail": false,
              "pending": false,
              "context": null,
              "code": "cy.visit(\"https://heubertapp.com/\");\ncy.title().should(\"eq\", \"Luzon\");\ncy.location(\"protocol\").should(\"eq\", \"https:\");\ncy.get('input[id=\"email\"]').type(\"bikesh@heubert.com\");\ncy.get('input[id=\"first_name\"]').type(\"Bikesh\");\ncy.get('input[id=\"last_name\"]').type(\"Shrestha\");\ncy.get('input[id=\"country\"]').click();\ncy.get('input[aria-controls=\"country_list\"]').type(\"Nepa{enter}\");\ncy.get('input[id=\"city_or_state\"]').type(\"Kathmandu\");\ncy.get(\"[data-testid=submit-button]\").click();",
              "err": {},
              "uuid": "fd19f16d-2a89-4d1c-9877-790074be73ea",
              "parentUUID": "4fbb3114-3d40-4d1e-b0fb-a2be92c00447",
              "isHook": false,
              "skipped": false
            },
            {
              "title": "Institution Details",
              "fullTitle": "Registration e2e_testing Institution Details",
              "timedOut": null,
              "duration": 2051,
              "state": "passed",
              "speed": "slow",
              "pass": true,
              "fail": false,
              "pending": false,
              "context": null,
              "code": "cy.title().should(\"eq\", \"Luzon\");\ncy.contains(\"Institution Details\");\ncy.get('input[placeholder=\"Your institution name\"]').type(\"Heubert Technologies\");\ncy.get('input[id=\"institution-details-form_company_domain\"]').type(\"HEUB\");\ncy.get('input[ id=\"institution-details-form_position\"]').click();\ncy.contains(\"CEO\").click();\ncy.get('input[ id=\"institution-details-form_phone\"]').type(\"9899909822\");\ncy.get(\"[data-testid=submit-button]\").click();",
              "err": {},
              "uuid": "66380484-31fd-4c20-869c-da156c5bef98",
              "parentUUID": "4fbb3114-3d40-4d1e-b0fb-a2be92c00447",
              "isHook": false,
              "skipped": false
            },
            {
              "title": "Pricing Plan Details",
              "fullTitle": "Registration e2e_testing Pricing Plan Details",
              "timedOut": null,
              "duration": 642,
              "state": "passed",
              "speed": "slow",
              "pass": true,
              "fail": false,
              "pending": false,
              "context": null,
              "code": "cy.title().should(\"eq\", \"Luzon\");\ncy.contains(\"Starter\").click();\ncy.get(\"[data-testid=submit-button]\").click();",
              "err": {},
              "uuid": "ee417c8d-607e-43a8-add9-58fed6f65d2f",
              "parentUUID": "4fbb3114-3d40-4d1e-b0fb-a2be92c00447",
              "isHook": false,
              "skipped": false
            },
            {
              "title": "Work Order Scope",
              "fullTitle": "Registration e2e_testing Work Order Scope",
              "timedOut": null,
              "duration": 2169,
              "state": "passed",
              "speed": "slow",
              "pass": true,
              "fail": false,
              "pending": false,
              "context": null,
              "code": "cy.get('input[ id=\"work-order-scope-form_feature\"]').click();\ncy.contains(\"Marketin\").click();\ncy.get('input[id=\"work-order-scope-form_number_of_employees\"]').type(\"4\");\ncy.get('input[id=\"work-order-scope-form_number_of_destination_countries\"]').type(\"4\");\ncy.get('input[id=\"work-order-scope-form_countries_operated\"]').click();\ncy.get('input[aria-controls=\"work-order-scope-form_countries_operated_list\"]').type(\"Nepa{enter}\");\ncy.get('input[id=\"work-order-scope-form_countries_operated\"]').click();\ncy.get('input[aria-controls=\"work-order-scope-form_countries_operated_list\"]').type(\"Aus{enter}\");\ncy.get(\"div.registration-layout div.ant-row.ant-row-space-around.ant-row-middle.full-height div.ant-col.ant-col-xs-23.ant-col-lg-15 div.registration-card div.ant-row > div.ant-col.ant-col-16.padding-top-4.padding-left-4.padding-right-4.padding-bottom-2:nth-child(2)\").click();\ncy.get('input[id=\"work-order-scope-form_number_of_estimates\"]').type(\"1000\");\ncy.get(\"[data-testid=submit-button]\").click();",
              "err": {},
              "uuid": "f1622cda-b86b-493b-b1b9-7ee7204f4e83",
              "parentUUID": "4fbb3114-3d40-4d1e-b0fb-a2be92c00447",
              "isHook": false,
              "skipped": false
            }
          ],
          "suites": [],
          "passes": [
            "fd19f16d-2a89-4d1c-9877-790074be73ea",
            "66380484-31fd-4c20-869c-da156c5bef98",
            "ee417c8d-607e-43a8-add9-58fed6f65d2f",
            "f1622cda-b86b-493b-b1b9-7ee7204f4e83"
          ],
          "failures": [],
          "pending": [],
          "skipped": [],
          "duration": 12434,
          "root": false,
          "rootEmpty": false,
          "_timeout": 2000
        }
      ],
      "passes": [],
      "failures": [],
      "pending": [],
      "skipped": [],
      "duration": 0,
      "root": true,
      "rootEmpty": true,
      "_timeout": 2000
    },
    {
      "uuid": "48a57cac-f59d-4408-8aab-dfa86739fbb2",
      "title": "",
      "fullFile": "cypress/integration/Moxie-test/Test.Spec/TC03_RegistrationCustomerCommand.spec.js",
      "file": "cypress/integration/Moxie-test/Test.Spec/TC03_RegistrationCustomerCommand.spec.js",
      "beforeHooks": [],
      "afterHooks": [],
      "tests": [],
      "suites": [
        {
          "uuid": "37b6337a-290f-4105-9c53-16ad9e4c527f",
          "title": "Registration e2e_testing",
          "fullFile": "",
          "file": "",
          "beforeHooks": [],
          "afterHooks": [],
          "tests": [
            {
              "title": "Institution Details",
              "fullTitle": "Registration e2e_testing Institution Details",
              "timedOut": null,
              "duration": 9813,
              "state": "passed",
              "speed": "slow",
              "pass": true,
              "fail": false,
              "pending": false,
              "context": null,
              "code": "cy.title().should('eq', 'Luzon');\ncy.contains('Institution Details');\ncy.get('input[placeholder=\"Your institution name\"]').type(\"Heubert Technologies\");\ncy.get('input[id=\"institution-details-form_company_domain\"]').type('HEUB');\ncy.get('input[ id=\"institution-details-form_position\"]').click();\ncy.contains('CEO').click();\ncy.get('input[ id=\"institution-details-form_phone\"]').type('9899909822');\ncy.get('[data-testid=submit-button]').click();",
              "err": {},
              "uuid": "e5ce8188-e7c1-4cb0-a369-22e2e5e166b5",
              "parentUUID": "37b6337a-290f-4105-9c53-16ad9e4c527f",
              "isHook": false,
              "skipped": false
            },
            {
              "title": "Pricing Plan Details",
              "fullTitle": "Registration e2e_testing Pricing Plan Details",
              "timedOut": null,
              "duration": 0,
              "state": "pending",
              "speed": null,
              "pass": false,
              "fail": false,
              "pending": true,
              "context": null,
              "code": "",
              "err": {},
              "uuid": "52799417-554f-4c75-a693-c525794069e7",
              "parentUUID": "37b6337a-290f-4105-9c53-16ad9e4c527f",
              "isHook": false,
              "skipped": false
            },
            {
              "title": "Work Order Scope",
              "fullTitle": "Registration e2e_testing Work Order Scope",
              "timedOut": null,
              "duration": 0,
              "state": "pending",
              "speed": null,
              "pass": false,
              "fail": false,
              "pending": true,
              "context": null,
              "code": "",
              "err": {},
              "uuid": "b09eb944-35e5-4010-a640-739197e0f61a",
              "parentUUID": "37b6337a-290f-4105-9c53-16ad9e4c527f",
              "isHook": false,
              "skipped": false
            }
          ],
          "suites": [],
          "passes": [
            "e5ce8188-e7c1-4cb0-a369-22e2e5e166b5"
          ],
          "failures": [],
          "pending": [
            "52799417-554f-4c75-a693-c525794069e7",
            "b09eb944-35e5-4010-a640-739197e0f61a"
          ],
          "skipped": [],
          "duration": 9813,
          "root": false,
          "rootEmpty": false,
          "_timeout": 2000
        }
      ],
      "passes": [],
      "failures": [],
      "pending": [],
      "skipped": [],
      "duration": 0,
      "root": true,
      "rootEmpty": true,
      "_timeout": 2000
    },
    {
      "uuid": "7508eb87-48d2-4699-be1d-9ff597956b26",
      "title": "",
      "fullFile": "cypress/integration/Moxie-test/Test.Spec/TC04_RegistrationAlias.spec.js",
      "file": "cypress/integration/Moxie-test/Test.Spec/TC04_RegistrationAlias.spec.js",
      "beforeHooks": [],
      "afterHooks": [],
      "tests": [],
      "suites": [
        {
          "uuid": "b1d00fd7-af8e-4af9-8a0b-ec6aa33f2c4c",
          "title": "Registration_Valid_Credentials",
          "fullFile": "",
          "file": "",
          "beforeHooks": [],
          "afterHooks": [],
          "tests": [
            {
              "title": "Institution Details",
              "fullTitle": "Registration_Valid_Credentials Institution Details",
              "timedOut": null,
              "duration": 10811,
              "state": "passed",
              "speed": "slow",
              "pass": true,
              "fail": false,
              "pending": false,
              "context": null,
              "code": "cy.InstitutionDetails();\ncy.CommonButton();",
              "err": {},
              "uuid": "49992185-095a-4802-955a-4dfbaed8ae7e",
              "parentUUID": "b1d00fd7-af8e-4af9-8a0b-ec6aa33f2c4c",
              "isHook": false,
              "skipped": false
            },
            {
              "title": "Pricing Plan Details",
              "fullTitle": "Registration_Valid_Credentials Pricing Plan Details",
              "timedOut": null,
              "duration": 571,
              "state": "passed",
              "speed": "slow",
              "pass": true,
              "fail": false,
              "pending": false,
              "context": null,
              "code": "cy.PricingPlanDetails();\ncy.CommonButton();",
              "err": {},
              "uuid": "375f407e-1ba7-4ad0-9476-462dc3859432",
              "parentUUID": "b1d00fd7-af8e-4af9-8a0b-ec6aa33f2c4c",
              "isHook": false,
              "skipped": false
            },
            {
              "title": "Work Order Scope",
              "fullTitle": "Registration_Valid_Credentials Work Order Scope",
              "timedOut": null,
              "duration": 3059,
              "state": "passed",
              "speed": "slow",
              "pass": true,
              "fail": false,
              "pending": false,
              "context": null,
              "code": "cy.WorkOrderScope();\ncy.CommonButton();",
              "err": {},
              "uuid": "bf762a86-73df-405b-951d-e77e1232074d",
              "parentUUID": "b1d00fd7-af8e-4af9-8a0b-ec6aa33f2c4c",
              "isHook": false,
              "skipped": false
            }
          ],
          "suites": [],
          "passes": [
            "49992185-095a-4802-955a-4dfbaed8ae7e",
            "375f407e-1ba7-4ad0-9476-462dc3859432",
            "bf762a86-73df-405b-951d-e77e1232074d"
          ],
          "failures": [],
          "pending": [],
          "skipped": [],
          "duration": 14441,
          "root": false,
          "rootEmpty": false,
          "_timeout": 2000
        }
      ],
      "passes": [],
      "failures": [],
      "pending": [],
      "skipped": [],
      "duration": 0,
      "root": true,
      "rootEmpty": true,
      "_timeout": 2000
    },
    {
      "uuid": "ff5a774c-2a18-417e-854d-1d448c8127e5",
      "title": "",
      "fullFile": "cypress/integration/Moxie-test/Test.Spec/TC05_RegistrationPageAPITesting.spec.js",
      "file": "cypress/integration/Moxie-test/Test.Spec/TC05_RegistrationPageAPITesting.spec.js",
      "beforeHooks": [],
      "afterHooks": [],
      "tests": [],
      "suites": [
        {
          "uuid": "04fef0b7-4dfa-4eb1-930f-34b474487493",
          "title": "API testing",
          "fullFile": "",
          "file": "",
          "beforeHooks": [],
          "afterHooks": [],
          "tests": [
            {
              "title": "GET - read",
              "fullTitle": "API testing GET - read",
              "timedOut": null,
              "duration": 940,
              "state": "failed",
              "speed": null,
              "pass": false,
              "fail": true,
              "pending": false,
              "context": null,
              "code": "cy.request('GET', '/todos/1').then(function (response) {\n  expect(response).to.have.property('status', 200);\n  expect(response.body).to.not.be[\"null\"];\n  expect(response.body.data).to.have.length(1);\n});",
              "err": {
                "message": "AssertionError: Target cannot be null or undefined.",
                "estack": "AssertionError: Target cannot be null or undefined.\n    at Context.eval (https://heubertapp.com/__cypress/tests?p=cypress\\integration\\Moxie-test\\Test.Spec\\TC05_RegistrationPageAPITesting.spec.js:10:7)",
                "diff": null
              },
              "uuid": "8399ddbc-cbf1-4e28-bc70-398f9aa0901e",
              "parentUUID": "04fef0b7-4dfa-4eb1-930f-34b474487493",
              "isHook": false,
              "skipped": false
            },
            {
              "title": "POST-create",
              "fullTitle": "API testing POST-create",
              "timedOut": null,
              "duration": 5079,
              "state": "failed",
              "speed": null,
              "pass": false,
              "fail": true,
              "pending": false,
              "context": null,
              "code": "var item = {\n  title: 'foo',\n  body: 'bar',\n  userId: 1\n};\ncy.request('POST', \"/posts\", item).its('body').its('data').should('deep.equal', item);",
              "err": {
                "message": "CypressError: Timed out retrying after 4000ms: `cy.its()` errored because the property: `data` does not exist on your subject.\n\n`cy.its()` waited for the specified property `data` to exist, but it never did.\n\nIf you do not expect the property `data` to exist, then add an assertion such as:\n\n`cy.wrap({ foo: 'bar' }).its('quux').should('not.exist')`\n\nhttps://on.cypress.io/its",
                "estack": "CypressError: Timed out retrying after 4000ms: `cy.its()` errored because the property: `data` does not exist on your subject.\n\n`cy.its()` waited for the specified property `data` to exist, but it never did.\n\nIf you do not expect the property `data` to exist, then add an assertion such as:\n\n`cy.wrap({ foo: 'bar' }).its('quux').should('not.exist')`\n\nhttps://on.cypress.io/its\n    at cypressErr (https://heubertapp.com/__cypress/runner/cypress_runner.js:156009:18)\n    at Object.cypressErrByPath (https://heubertapp.com/__cypress/runner/cypress_runner.js:156015:10)\n    at propertyNotOnSubjectErr (https://heubertapp.com/__cypress/runner/cypress_runner.js:137870:24)\n    at traverseObjectAtPath (https://heubertapp.com/__cypress/runner/cypress_runner.js:137951:24)\n    at getValue (https://heubertapp.com/__cypress/runner/cypress_runner.js:137999:20)\n    at tryCatcher (https://heubertapp.com/__cypress/runner/cypress_runner.js:10798:23)\n    at Function.Promise.attempt.Promise.try (https://heubertapp.com/__cypress/runner/cypress_runner.js:8072:29)\n    at retryValue (https://heubertapp.com/__cypress/runner/cypress_runner.js:138038:25)\n    at tryCatcher (https://heubertapp.com/__cypress/runner/cypress_runner.js:10798:23)\n    at Function.Promise.attempt.Promise.try (https://heubertapp.com/__cypress/runner/cypress_runner.js:8072:29)\n    at resolveValue (https://heubertapp.com/__cypress/runner/cypress_runner.js:138045:25)\n    at tryCatcher (https://heubertapp.com/__cypress/runner/cypress_runner.js:10798:23)\n    at Function.Promise.attempt.Promise.try (https://heubertapp.com/__cypress/runner/cypress_runner.js:8072:29)\n    at tryFn (https://heubertapp.com/__cypress/runner/cypress_runner.js:148807:21)\n    at whenStable (https://heubertapp.com/__cypress/runner/cypress_runner.js:148845:12)\n    at https://heubertapp.com/__cypress/runner/cypress_runner.js:148337:16\nFrom Your Spec Code:\n    at Context.eval (https://heubertapp.com/__cypress/tests?p=cypress\\integration\\Moxie-test\\Test.Spec\\TC05_RegistrationPageAPITesting.spec.js:19:64)",
                "diff": null
              },
              "uuid": "97c9d836-3cc8-4a4f-9644-4c77322d897f",
              "parentUUID": "04fef0b7-4dfa-4eb1-930f-34b474487493",
              "isHook": false,
              "skipped": false
            }
          ],
          "suites": [],
          "passes": [],
          "failures": [
            "8399ddbc-cbf1-4e28-bc70-398f9aa0901e",
            "97c9d836-3cc8-4a4f-9644-4c77322d897f"
          ],
          "pending": [],
          "skipped": [],
          "duration": 6019,
          "root": false,
          "rootEmpty": false,
          "_timeout": 2000
        }
      ],
      "passes": [],
      "failures": [],
      "pending": [],
      "skipped": [],
      "duration": 0,
      "root": true,
      "rootEmpty": true,
      "_timeout": 2000
    },
    {
      "uuid": "e7ce793a-8886-42f1-afb0-f90abfb7d30d",
      "title": "",
      "fullFile": "cypress/integration/Moxie-test/Test.Spec/TC06_CheckDataExist.spec.js",
      "file": "cypress/integration/Moxie-test/Test.Spec/TC06_CheckDataExist.spec.js",
      "beforeHooks": [],
      "afterHooks": [],
      "tests": [],
      "suites": [
        {
          "uuid": "dbf6d7b6-cf61-47aa-a9e6-fbd480c2d9e3",
          "title": "Checking if the data are available after navigating back to previous pages",
          "fullFile": "",
          "file": "",
          "beforeHooks": [],
          "afterHooks": [],
          "tests": [
            {
              "title": "Institution Details",
              "fullTitle": "Checking if the data are available after navigating back to previous pages Institution Details",
              "timedOut": null,
              "duration": 10257,
              "state": "passed",
              "speed": "slow",
              "pass": true,
              "fail": false,
              "pending": false,
              "context": null,
              "code": "cy.InstitutionDetails();\ncy.CommonButton();",
              "err": {},
              "uuid": "eb930ade-6d86-4fcb-b145-9ee8daa7ea68",
              "parentUUID": "dbf6d7b6-cf61-47aa-a9e6-fbd480c2d9e3",
              "isHook": false,
              "skipped": false
            },
            {
              "title": "Pricing Plan Details",
              "fullTitle": "Checking if the data are available after navigating back to previous pages Pricing Plan Details",
              "timedOut": null,
              "duration": 580,
              "state": "passed",
              "speed": "slow",
              "pass": true,
              "fail": false,
              "pending": false,
              "context": null,
              "code": "cy.PricingPlanDetails();\ncy.CommonButton();",
              "err": {},
              "uuid": "1ede9298-d0cd-4a3e-b067-f177dfd7859f",
              "parentUUID": "dbf6d7b6-cf61-47aa-a9e6-fbd480c2d9e3",
              "isHook": false,
              "skipped": false
            },
            {
              "title": "Work Order Scope",
              "fullTitle": "Checking if the data are available after navigating back to previous pages Work Order Scope",
              "timedOut": null,
              "duration": 2797,
              "state": "passed",
              "speed": "slow",
              "pass": true,
              "fail": false,
              "pending": false,
              "context": null,
              "code": "cy.WorkOrderScope();\ncy.BackButton();",
              "err": {},
              "uuid": "84199d88-34ad-4ad0-83a3-cbcefafd6fdd",
              "parentUUID": "dbf6d7b6-cf61-47aa-a9e6-fbd480c2d9e3",
              "isHook": false,
              "skipped": false
            },
            {
              "title": "Checks Data for Pricing Plan",
              "fullTitle": "Checking if the data are available after navigating back to previous pages Checks Data for Pricing Plan",
              "timedOut": null,
              "duration": 2421,
              "state": "passed",
              "speed": "slow",
              "pass": true,
              "fail": false,
              "pending": false,
              "context": null,
              "code": "cy.title().should('eq', 'Luzon');\ncy.PricingPlanDetails();\ncy.wait(2000);\ncy.BackButton();",
              "err": {},
              "uuid": "8c3eb9e6-eeba-4539-9a13-1ba368b32c31",
              "parentUUID": "dbf6d7b6-cf61-47aa-a9e6-fbd480c2d9e3",
              "isHook": false,
              "skipped": false
            },
            {
              "title": "Checks Data for Instituion Page",
              "fullTitle": "Checking if the data are available after navigating back to previous pages Checks Data for Instituion Page",
              "timedOut": null,
              "duration": 2382,
              "state": "passed",
              "speed": "slow",
              "pass": true,
              "fail": false,
              "pending": false,
              "context": null,
              "code": "cy.title().should('eq', 'Luzon');\ncy.get('[data-testid=\"institution-details-form\"]').children().as('institution');\ncy.get('@institution').contains('Institution');\ncy.get('input').first().invoke('val').should('not.be.empty');\ncy.get('input').eq(1).invoke('val').should('not.be.empty');\ncy.get('input').last().invoke('val').should('not.be.empty');\ncy.wait(2000);\ncy.BackButton();",
              "err": {},
              "uuid": "69e9943d-15aa-40e6-8632-be332f631292",
              "parentUUID": "dbf6d7b6-cf61-47aa-a9e6-fbd480c2d9e3",
              "isHook": false,
              "skipped": false
            },
            {
              "title": "Checks Data for Personal Details Page",
              "fullTitle": "Checking if the data are available after navigating back to previous pages Checks Data for Personal Details Page",
              "timedOut": null,
              "duration": 242,
              "state": "passed",
              "speed": "slow",
              "pass": true,
              "fail": false,
              "pending": false,
              "context": null,
              "code": "cy.title().should('eq', 'Luzon');\ncy.location('protocol').should('eq', 'https:');\ncy.get('[data-testid=\"personal-details-form\"]').children().as('personal');\ncy.get('@personal').contains('Country');\ncy.get('input').first().invoke('val').should('not.be.empty');\ncy.get('input').eq(1).invoke('val').should('not.be.empty');\ncy.get('input').eq(2).invoke('val').should('not.be.empty');\ncy.get('input').eq(4).invoke('val').should('not.be.empty');",
              "err": {},
              "uuid": "dcf178a2-1836-40fa-a27a-16d4984bb5df",
              "parentUUID": "dbf6d7b6-cf61-47aa-a9e6-fbd480c2d9e3",
              "isHook": false,
              "skipped": false
            }
          ],
          "suites": [],
          "passes": [
            "eb930ade-6d86-4fcb-b145-9ee8daa7ea68",
            "1ede9298-d0cd-4a3e-b067-f177dfd7859f",
            "84199d88-34ad-4ad0-83a3-cbcefafd6fdd",
            "8c3eb9e6-eeba-4539-9a13-1ba368b32c31",
            "69e9943d-15aa-40e6-8632-be332f631292",
            "dcf178a2-1836-40fa-a27a-16d4984bb5df"
          ],
          "failures": [],
          "pending": [],
          "skipped": [],
          "duration": 18679,
          "root": false,
          "rootEmpty": false,
          "_timeout": 2000
        }
      ],
      "passes": [],
      "failures": [],
      "pending": [],
      "skipped": [],
      "duration": 0,
      "root": true,
      "rootEmpty": true,
      "_timeout": 2000
    }
  ],
  "meta": {
    "mocha": {
      "version": "7.0.1"
    },
    "mochawesome": {
      "options": {
        "quiet": false,
        "reportFilename": "mochawesome",
        "saveHtml": false,
        "saveJson": true,
        "consoleReporter": "spec",
        "useInlineDiffs": false,
        "code": true
      },
      "version": "6.2.2"
    },
    "marge": {
      "options": {
        "id": "default",
        "reportDir": "cypress/reports/mocha",
        "quite": true,
        "overwrite": false,
        "html": false,
        "json": true
      },
      "version": "5.2.0"
    }
  }
}